#
# There is insufficient memory for the Java Runtime Environment to continue.
# Native memory allocation (mmap) failed to map 41943040 bytes for Failed to commit area from 0x00000000d3300000 to 0x00000000d5b00000 of length 41943040.
# Possible reasons:
#   The system is out of physical RAM or swap space
#   The process is running with CompressedOops enabled, and the Java Heap may be blocking the growth of the native heap
# Possible solutions:
#   Reduce memory load on the system
#   Increase physical memory or swap space
#   Check if swap backing store is full
#   Decrease Java heap size (-Xmx/-Xms)
#   Decrease number of Java threads
#   Decrease Java thread stack sizes (-Xss)
#   Set larger code cache with -XX:ReservedCodeCacheSize=
#   JVM is running with Unscaled Compressed Oops mode in which the Java heap is
#     placed in the first 4GB address space. The Java Heap base address is the
#     maximum limit for the native heap growth. Please use -XX:HeapBaseMinAddress
#     to set the Java Heap base and to place the Java Heap above 4GB virtual address.
# This output file may be truncated or incomplete.
#
#  Out of Memory Error (./src/hotspot/os/windows/os_windows.cpp:3386), pid=6168, tid=8464
#
# JRE version: OpenJDK Runtime Environment Temurin-11.0.16+8 (11.0.16+8) (build 11.0.16+8)
# Java VM: OpenJDK 64-Bit Server VM Temurin-11.0.16+8 (11.0.16+8, mixed mode, tiered, compressed oops, g1 gc, windows-amd64)
# No core dump will be written. Minidumps are not enabled by default on client versions of Windows
#

---------------  S U M M A R Y ------------

Command Line: -Djline.terminal=jline.UnsupportedTerminal -Dsbt.log.noformat=true -Dfile.encoding=UTF-8 -Didea.managed=true -Dfile.encoding=UTF-8 -Didea.installation.dir=C:\Program Files\JetBrains\IntelliJ IDEA Educational Edition 2022.1.3 C:/Program Files/JetBrains/IntelliJ IDEA Educational Edition 2022.1.3/plugins/Scala/launcher/sbt-launch.jar

Host: AMD Ryzen 3 3250U with Radeon Graphics         , 4 cores, 3G,  Windows 11 , 64 bit Build 22621 (10.0.22621.608)
Time: Fri Oct 14 10:59:29 2022 GMT Summer Time elapsed time: 87.632363 seconds (0d 0h 1m 27s)

---------------  T H R E A D  ---------------

Current thread (0x000001687082b000):  VMThread "VM Thread" [stack: 0x0000004ef9500000,0x0000004ef9600000] [id=8464]

Stack: [0x0000004ef9500000,0x0000004ef9600000]
[error occurred during error reporting (printing stack bounds), id 0xc0000005, EXCEPTION_ACCESS_VIOLATION (0xc0000005) at pc=0x000001685cbd112d]

Native frames: (J=compiled Java code, j=interpreted, Vv=VM code, C=native code)
V  [jvm.dll+0x61f1da]
V  [jvm.dll+0x7abc69]
V  [jvm.dll+0x7ad358]
V  [jvm.dll+0x7ad995]
V  [jvm.dll+0x7ad94b]
V  [jvm.dll+0x61e567]
V  [jvm.dll+0x61ec78]
C  [ntdll.dll+0xa3e1f]
C  [ntdll.dll+0x1eae6]
C  [ntdll.dll+0xa2e0e]
C  0x000001685cbd112d

VM_Operation (0x0000004ef8dfce60): G1CollectForAllocation, mode: safepoint, requested by thread 0x0000016878d49800


---------------  P R O C E S S  ---------------

Threads class SMR info:
_java_thread_list=0x000001687cf2fe70, length=56, elements={
0x0000016854479000, 0x000001687082f800, 0x0000016870852800, 0x00000168708ae800,
0x00000168708b3800, 0x00000168708b5800, 0x00000168708b7000, 0x00000168708bb000,
0x0000016870a1b000, 0x0000016870b26000, 0x0000016870bb6800, 0x000001687143f000,
0x0000016871082000, 0x0000016870e8c800, 0x000001687269f000, 0x00000168715ed000,
0x0000016872b44800, 0x000001687244b000, 0x000001687244d800, 0x0000016872449800,
0x0000016872448000, 0x000001687244c000, 0x000001687244d000, 0x000001687244e800,
0x0000016875217000, 0x0000016875218000, 0x000001687521e800, 0x0000016875220000,
0x000001687521b000, 0x000001687521a800, 0x000001687521f800, 0x0000016875221000,
0x0000016875224000, 0x0000016875223800, 0x0000016878d3f800, 0x0000016878d3d000,
0x0000016878d3e000, 0x0000016878d40800, 0x0000016878d43000, 0x0000016878d42000,
0x0000016878d44800, 0x0000016878d3e800, 0x0000016878d4a000, 0x0000016878d46000,
0x0000016878d45000, 0x0000016878d4b000, 0x0000016878d48800, 0x0000016878d47000,
0x0000016878d47800, 0x0000016878d49800, 0x0000016878d43800, 0x0000016878d4c000,
0x0000016875219800, 0x000001687521c000, 0x0000016875216800, 0x0000016872449000
}

Java Threads: ( => current thread )
  0x0000016854479000 JavaThread "main" [_thread_blocked, id=16484, stack(0x0000004ef8f00000,0x0000004ef9000000)]
  0x000001687082f800 JavaThread "Reference Handler" daemon [_thread_blocked, id=14088, stack(0x0000004ef9600000,0x0000004ef9700000)]
  0x0000016870852800 JavaThread "Finalizer" daemon [_thread_blocked, id=12664, stack(0x0000004ef9700000,0x0000004ef9800000)]
  0x00000168708ae800 JavaThread "Signal Dispatcher" daemon [_thread_blocked, id=2576, stack(0x0000004ef9800000,0x0000004ef9900000)]
  0x00000168708b3800 JavaThread "Attach Listener" daemon [_thread_blocked, id=11688, stack(0x0000004ef9900000,0x0000004ef9a00000)]
  0x00000168708b5800 JavaThread "Service Thread" daemon [_thread_blocked, id=14476, stack(0x0000004ef9a00000,0x0000004ef9b00000)]
  0x00000168708b7000 JavaThread "C2 CompilerThread0" daemon [_thread_blocked, id=7132, stack(0x0000004ef9b00000,0x0000004ef9c00000)]
  0x00000168708bb000 JavaThread "C1 CompilerThread0" daemon [_thread_blocked, id=15600, stack(0x0000004ef9c00000,0x0000004ef9d00000)]
  0x0000016870a1b000 JavaThread "Sweeper thread" daemon [_thread_blocked, id=11468, stack(0x0000004ef9d00000,0x0000004ef9e00000)]
  0x0000016870b26000 JavaThread "Common-Cleaner" daemon [_thread_blocked, id=14848, stack(0x0000004ef9f00000,0x0000004efa000000)]
  0x0000016870bb6800 JavaThread "pool-1-thread-1" [_thread_blocked, id=2120, stack(0x0000004efa100000,0x0000004efa200000)]
  0x000001687143f000 JavaThread "pool-1-thread-2" [_thread_blocked, id=4336, stack(0x0000004efa200000,0x0000004efa300000)]
  0x0000016871082000 JavaThread "pool-1-thread-3" [_thread_blocked, id=9116, stack(0x0000004efa300000,0x0000004efa400000)]
  0x0000016870e8c800 JavaThread "JNA Cleaner" daemon [_thread_blocked, id=11116, stack(0x0000004efa700000,0x0000004efa800000)]
  0x000001687269f000 JavaThread "classloader-cache-cleanup-0" daemon [_thread_blocked, id=17388, stack(0x0000004efa900000,0x0000004efaa00000)]
  0x00000168715ed000 JavaThread "sbt-command-exchange-fastTrack" daemon [_thread_blocked, id=11244, stack(0x0000004efa400000,0x0000004efa500000)]
  0x0000016872b44800 JavaThread "scala-execution-context-global-23" daemon [_thread_blocked, id=12500, stack(0x0000004efaa00000,0x0000004efab00000)]
  0x000001687244b000 JavaThread "scala-execution-context-global-24" daemon [_thread_blocked, id=7148, stack(0x0000004efab00000,0x0000004efac00000)]
  0x000001687244d800 JavaThread "scala-execution-context-global-26" daemon [_thread_blocked, id=10580, stack(0x0000004efac00000,0x0000004efad00000)]
  0x0000016872449800 JavaThread "scala-execution-context-global-25" daemon [_thread_blocked, id=1336, stack(0x0000004efad00000,0x0000004efae00000)]
  0x0000016872448000 JavaThread "FileSystemWatchService" daemon [_thread_in_native, id=10568, stack(0x0000004efaf00000,0x0000004efb000000)]
  0x000001687244c000 JavaThread "NioPathWatcher-loop-thread-1" daemon [_thread_blocked, id=232, stack(0x0000004efb000000,0x0000004efb100000)]
  0x000001687244d000 JavaThread "com.swoval.files.SymlinkWather.callback-executor-1" [_thread_blocked, id=8764, stack(0x0000004efb100000,0x0000004efb200000)]
  0x000001687244e800 JavaThread "FileTreeRepository-callback-executor-1" [_thread_blocked, id=8960, stack(0x0000004efb200000,0x0000004efb300000)]
  0x0000016875217000 JavaThread "FileSystemWatchService" daemon [_thread_in_native, id=2968, stack(0x0000004efb400000,0x0000004efb500000)]
  0x0000016875218000 JavaThread "NioPathWatcher-loop-thread-2" daemon [_thread_blocked, id=9720, stack(0x0000004efb500000,0x0000004efb600000)]
  0x000001687521e800 JavaThread "FileSystemWatchService" daemon [_thread_in_native, id=3084, stack(0x0000004efbc00000,0x0000004efbd00000)]
  0x0000016875220000 JavaThread "NioPathWatcher-loop-thread-3" daemon [_thread_blocked, id=9048, stack(0x0000004efbd00000,0x0000004efbe00000)]
  0x000001687521b000 JavaThread "com.swoval.files.SymlinkWather.callback-executor-1" [_thread_blocked, id=12424, stack(0x0000004efbe00000,0x0000004efbf00000)]
  0x000001687521a800 JavaThread "FileTreeRepository-callback-executor-1" [_thread_blocked, id=2108, stack(0x0000004efbf00000,0x0000004efc000000)]
  0x000001687521f800 JavaThread "FileSystemWatchService" daemon [_thread_in_native_trans, id=10520, stack(0x0000004efc000000,0x0000004efc100000)]
  0x0000016875221000 JavaThread "NioPathWatcher-loop-thread-4" daemon [_thread_blocked, id=15108, stack(0x0000004efc100000,0x0000004efc200000)]
  0x0000016875224000 JavaThread "sbt-socket-server" [_thread_in_native, id=9560, stack(0x0000004efae00000,0x0000004efaf00000)]
  0x0000016875223800 JavaThread "dumb non blocking reader thread" daemon [_thread_blocked, id=3456, stack(0x0000004efb300000,0x0000004efb400000)]
  0x0000016878d3f800 JavaThread "sbt-web-scheduler-1" [_thread_blocked, id=10184, stack(0x0000004efb600000,0x0000004efb700000)]
  0x0000016878d3d000 JavaThread "sbt-web-akka.actor.default-dispatcher-2" [_thread_blocked, id=14456, stack(0x0000004efa800000,0x0000004efa900000)]
  0x0000016878d3e000 JavaThread "sbt-web-akka.actor.default-dispatcher-3" [_thread_blocked, id=13588, stack(0x0000004efb700000,0x0000004efb800000)]
  0x0000016878d40800 JavaThread "sbt-web-akka.actor.default-dispatcher-4" [_thread_blocked, id=6512, stack(0x0000004efb800000,0x0000004efb900000)]
  0x0000016878d43000 JavaThread "sbt-web-akka.actor.default-dispatcher-5" [_thread_blocked, id=9396, stack(0x0000004efb900000,0x0000004efba00000)]
  0x0000016878d42000 JavaThread "sbt-web-akka.actor.default-dispatcher-6" [_thread_blocked, id=5768, stack(0x0000004efba00000,0x0000004efbb00000)]
  0x0000016878d44800 JavaThread "sbt-task-progress-report-thread" [_thread_blocked, id=17128, stack(0x0000004efc500000,0x0000004efc600000)]
  0x0000016878d3e800 JavaThread "pool-9-thread-1" [_thread_blocked, id=3188, stack(0x0000004efc600000,0x0000004efc700000)]
  0x0000016878d4a000 JavaThread "pool-9-thread-2" [_thread_blocked, id=15192, stack(0x0000004efc700000,0x0000004efc800000)]
  0x0000016878d46000 JavaThread "pool-9-thread-3" [_thread_blocked, id=17336, stack(0x0000004efc800000,0x0000004efc900000)]
  0x0000016878d45000 JavaThread "sbt-progress-report-scheduler" [_thread_blocked, id=7308, stack(0x0000004efc900000,0x0000004efca00000)]
  0x0000016878d4b000 JavaThread "pool-9-thread-4" [_thread_blocked, id=12872, stack(0x0000004efca00000,0x0000004efcb00000)]
  0x0000016878d48800 JavaThread "pool-9-thread-5" [_thread_blocked, id=11392, stack(0x0000004efcb00000,0x0000004efcc00000)]
  0x0000016878d47000 JavaThread "pool-9-thread-6" [_thread_blocked, id=5052, stack(0x0000004efcc00000,0x0000004efcd00000)]
  0x0000016878d47800 JavaThread "ForkJoinPool.commonPool-worker-3" daemon [_thread_blocked, id=6340, stack(0x0000004efcd00000,0x0000004efce00000)]
  0x0000016878d49800 JavaThread "coursier-pool-1-thread-1" daemon [_thread_blocked, id=12024, stack(0x0000004ef8d00000,0x0000004ef8e00000)]
  0x0000016878d43800 JavaThread "coursier-pool-1-thread-2" daemon [_thread_blocked, id=12752, stack(0x0000004ef8e00000,0x0000004ef8f00000)]
  0x0000016878d4c000 JavaThread "coursier-pool-1-thread-3" daemon [_thread_blocked, id=1556, stack(0x0000004efc400000,0x0000004efc500000)]
  0x0000016875219800 JavaThread "coursier-pool-1-thread-4" daemon [_thread_blocked, id=14392, stack(0x0000004efce00000,0x0000004efcf00000)]
  0x000001687521c000 JavaThread "coursier-pool-1-thread-5" daemon [_thread_blocked, id=16720, stack(0x0000004efcf00000,0x0000004efd000000)]
  0x0000016875216800 JavaThread "coursier-pool-1-thread-6" daemon [_thread_blocked, id=11340, stack(0x0000004efd000000,0x0000004efd100000)]
  0x0000016872449000 JavaThread "Keep-Alive-Timer" daemon [_thread_blocked, id=13616, stack(0x0000004efbb00000,0x0000004efbc00000)]

Other Threads:
=>0x000001687082b000 VMThread "VM Thread" [stack: 0x0000004ef9500000,0x0000004ef9600000] [id=8464]
  0x0000016870b20800 WatcherThread [stack: 0x0000004ef9e00000,0x0000004ef9f00000] [id=2788]
  0x0000016854492800 GCTaskThread "GC Thread#0" [stack: 0x0000004ef9000000,0x0000004ef9100000] [id=10620]
  0x0000016871085800 GCTaskThread "GC Thread#1" [stack: 0x0000004efa000000,0x0000004efa100000] [id=2760]
  0x0000016873680800 GCTaskThread "GC Thread#2" [stack: 0x0000004efa500000,0x0000004efa600000] [id=16496]
  0x000001687212d800 GCTaskThread "GC Thread#3" [stack: 0x0000004efa600000,0x0000004efa700000] [id=5292]
  0x00000168544ab000 ConcurrentGCThread "G1 Main Marker" [stack: 0x0000004ef9100000,0x0000004ef9200000] [id=10056]
  0x00000168544ad000 ConcurrentGCThread "G1 Conc#0" [stack: 0x0000004ef9200000,0x0000004ef9300000] [id=16924]
  0x00000168544f2800 ConcurrentGCThread "G1 Refine#0" [stack: 0x0000004ef9300000,0x0000004ef9400000] [id=9648]
  0x00000168544f3800 ConcurrentGCThread "G1 Young RemSet Sampling" [stack: 0x0000004ef9400000,0x0000004ef9500000] [id=14240]

Threads with active compile tasks:

VM state:at safepoint (normal execution)

VM Mutex/Monitor currently owned by a thread:  ([mutex/lock_event])
[0x0000016854476080] Threads_lock - owner thread: 0x000001687082b000
[0x0000016854475ae0] Heap_lock - owner thread: 0x0000016878d49800

Heap address: 0x00000000c9400000, size: 876 MB, Compressed Oops mode: 32-bit
Narrow klass base: 0x0000000000000000, Narrow klass shift: 3
Compressed class space size: 1073741824 Address: 0x0000000100000000

Heap:
 garbage-first heap   total 203776K, used 120026K [0x00000000c9400000, 0x0000000100000000)
  region size 1024K, 2 young (2048K), 2 survivors (2048K)
 Metaspace       used 128860K, capacity 140127K, committed 141440K, reserved 1163264K
  class space    used 20392K, capacity 26352K, committed 27008K, reserved 1048576K
Heap Regions: E=young(eden), S=young(survivor), O=old, HS=humongous(starts), HC=humongous(continues), CS=collection set, F=free, A=archive, TAMS=top-at-mark-start (previous, next)
|   0|0x00000000c9400000, 0x00000000c9500000, 0x00000000c9500000|100%| O|  |TAMS 0x00000000c9500000, 0x00000000c9400000| Untracked 
|   1|0x00000000c9500000, 0x00000000c9600000, 0x00000000c9600000|100%| O|  |TAMS 0x00000000c9600000, 0x00000000c9500000| Untracked 
|   2|0x00000000c9600000, 0x00000000c9700000, 0x00000000c9700000|100%|HS|  |TAMS 0x00000000c9700000, 0x00000000c9600000| Complete 
|   3|0x00000000c9700000, 0x00000000c9800000, 0x00000000c9800000|100%| O|  |TAMS 0x00000000c9800000, 0x00000000c9700000| Untracked 
|   4|0x00000000c9800000, 0x00000000c9900000, 0x00000000c9900000|100%| O|  |TAMS 0x00000000c9900000, 0x00000000c9800000| Untracked 
|   5|0x00000000c9900000, 0x00000000c9a00000, 0x00000000c9a00000|100%| O|  |TAMS 0x00000000c9a00000, 0x00000000c9900000| Untracked 
|   6|0x00000000c9a00000, 0x00000000c9b00000, 0x00000000c9b00000|100%| O|  |TAMS 0x00000000c9b00000, 0x00000000c9a00000| Untracked 
|   7|0x00000000c9b00000, 0x00000000c9c00000, 0x00000000c9c00000|100%| O|  |TAMS 0x00000000c9c00000, 0x00000000c9b00000| Untracked 
|   8|0x00000000c9c00000, 0x00000000c9d00000, 0x00000000c9d00000|100%| O|  |TAMS 0x00000000c9d00000, 0x00000000c9c00000| Untracked 
|   9|0x00000000c9d00000, 0x00000000c9e00000, 0x00000000c9e00000|100%| O|  |TAMS 0x00000000c9e00000, 0x00000000c9d00000| Complete 
|  10|0x00000000c9e00000, 0x00000000c9f00000, 0x00000000c9f00000|100%| O|  |TAMS 0x00000000c9f00000, 0x00000000c9e00000| Untracked 
|  11|0x00000000c9f00000, 0x00000000ca000000, 0x00000000ca000000|100%| O|  |TAMS 0x00000000ca000000, 0x00000000c9f00000| Untracked 
|  12|0x00000000ca000000, 0x00000000ca100000, 0x00000000ca100000|100%| O|  |TAMS 0x00000000ca100000, 0x00000000ca000000| Untracked 
|  13|0x00000000ca100000, 0x00000000ca200000, 0x00000000ca200000|100%| O|  |TAMS 0x00000000ca200000, 0x00000000ca100000| Untracked 
|  14|0x00000000ca200000, 0x00000000ca300000, 0x00000000ca300000|100%| O|  |TAMS 0x00000000ca300000, 0x00000000ca200000| Untracked 
|  15|0x00000000ca300000, 0x00000000ca400000, 0x00000000ca400000|100%| O|  |TAMS 0x00000000ca400000, 0x00000000ca300000| Untracked 
|  16|0x00000000ca400000, 0x00000000ca500000, 0x00000000ca500000|100%| O|  |TAMS 0x00000000ca500000, 0x00000000ca400000| Complete 
|  17|0x00000000ca500000, 0x00000000ca600000, 0x00000000ca600000|100%| O|  |TAMS 0x00000000ca600000, 0x00000000ca500000| Complete 
|  18|0x00000000ca600000, 0x00000000ca700000, 0x00000000ca700000|100%| O|  |TAMS 0x00000000ca700000, 0x00000000ca600000| Complete 
|  19|0x00000000ca700000, 0x00000000ca800000, 0x00000000ca800000|100%| O|  |TAMS 0x00000000ca800000, 0x00000000ca700000| Untracked 
|  20|0x00000000ca800000, 0x00000000ca900000, 0x00000000ca900000|100%| O|  |TAMS 0x00000000ca900000, 0x00000000ca800000| Untracked 
|  21|0x00000000ca900000, 0x00000000caa00000, 0x00000000caa00000|100%| O|  |TAMS 0x00000000caa00000, 0x00000000ca900000| Untracked 
|  22|0x00000000caa00000, 0x00000000cab00000, 0x00000000cab00000|100%| O|  |TAMS 0x00000000cab00000, 0x00000000caa00000| Complete 
|  23|0x00000000cab00000, 0x00000000cac00000, 0x00000000cac00000|100%| O|  |TAMS 0x00000000cac00000, 0x00000000cab00000| Untracked 
|  24|0x00000000cac00000, 0x00000000cad00000, 0x00000000cad00000|100%| O|  |TAMS 0x00000000cad00000, 0x00000000cac00000| Untracked 
|  25|0x00000000cad00000, 0x00000000cae00000, 0x00000000cae00000|100%| O|  |TAMS 0x00000000cae00000, 0x00000000cad00000| Untracked 
|  26|0x00000000cae00000, 0x00000000caf00000, 0x00000000caf00000|100%| O|  |TAMS 0x00000000caf00000, 0x00000000cae00000| Complete 
|  27|0x00000000caf00000, 0x00000000cb000000, 0x00000000cb000000|100%| O|  |TAMS 0x00000000cb000000, 0x00000000caf00000| Complete 
|  28|0x00000000cb000000, 0x00000000cb100000, 0x00000000cb100000|100%| O|  |TAMS 0x00000000cb100000, 0x00000000cb000000| Untracked 
|  29|0x00000000cb100000, 0x00000000cb200000, 0x00000000cb200000|100%| O|  |TAMS 0x00000000cb200000, 0x00000000cb100000| Complete 
|  30|0x00000000cb200000, 0x00000000cb300000, 0x00000000cb300000|100%| O|  |TAMS 0x00000000cb300000, 0x00000000cb200000| Untracked 
|  31|0x00000000cb300000, 0x00000000cb400000, 0x00000000cb400000|100%| O|  |TAMS 0x00000000cb400000, 0x00000000cb300000| Untracked 
|  32|0x00000000cb400000, 0x00000000cb500000, 0x00000000cb500000|100%| O|  |TAMS 0x00000000cb500000, 0x00000000cb400000| Untracked 
|  33|0x00000000cb500000, 0x00000000cb600000, 0x00000000cb600000|100%| O|  |TAMS 0x00000000cb600000, 0x00000000cb500000| Untracked 
|  34|0x00000000cb600000, 0x00000000cb700000, 0x00000000cb700000|100%| O|  |TAMS 0x00000000cb700000, 0x00000000cb600000| Untracked 
|  35|0x00000000cb700000, 0x00000000cb800000, 0x00000000cb800000|100%| O|  |TAMS 0x00000000cb800000, 0x00000000cb700000| Untracked 
|  36|0x00000000cb800000, 0x00000000cb900000, 0x00000000cb900000|100%| O|  |TAMS 0x00000000cb900000, 0x00000000cb800000| Complete 
|  37|0x00000000cb900000, 0x00000000cba00000, 0x00000000cba00000|100%| O|  |TAMS 0x00000000cba00000, 0x00000000cb900000| Untracked 
|  38|0x00000000cba00000, 0x00000000cbb00000, 0x00000000cbb00000|100%| O|  |TAMS 0x00000000cbb00000, 0x00000000cba00000| Untracked 
|  39|0x00000000cbb00000, 0x00000000cbc00000, 0x00000000cbc00000|100%| O|  |TAMS 0x00000000cbc00000, 0x00000000cbb00000| Complete 
|  40|0x00000000cbc00000, 0x00000000cbd00000, 0x00000000cbd00000|100%| O|  |TAMS 0x00000000cbd00000, 0x00000000cbc00000| Untracked 
|  41|0x00000000cbd00000, 0x00000000cbe00000, 0x00000000cbe00000|100%| O|  |TAMS 0x00000000cbe00000, 0x00000000cbd00000| Untracked 
|  42|0x00000000cbe00000, 0x00000000cbf00000, 0x00000000cbf00000|100%| O|  |TAMS 0x00000000cbf00000, 0x00000000cbe00000| Untracked 
|  43|0x00000000cbf00000, 0x00000000cc000000, 0x00000000cc000000|100%| O|  |TAMS 0x00000000cc000000, 0x00000000cbf00000| Untracked 
|  44|0x00000000cc000000, 0x00000000cc100000, 0x00000000cc100000|100%| O|  |TAMS 0x00000000cc100000, 0x00000000cc000000| Untracked 
|  45|0x00000000cc100000, 0x00000000cc200000, 0x00000000cc200000|100%| O|  |TAMS 0x00000000cc200000, 0x00000000cc100000| Complete 
|  46|0x00000000cc200000, 0x00000000cc300000, 0x00000000cc300000|100%| O|  |TAMS 0x00000000cc300000, 0x00000000cc200000| Untracked 
|  47|0x00000000cc300000, 0x00000000cc400000, 0x00000000cc400000|100%| O|  |TAMS 0x00000000cc400000, 0x00000000cc300000| Untracked 
|  48|0x00000000cc400000, 0x00000000cc500000, 0x00000000cc500000|100%| O|  |TAMS 0x00000000cc500000, 0x00000000cc400000| Untracked 
|  49|0x00000000cc500000, 0x00000000cc600000, 0x00000000cc600000|100%| O|  |TAMS 0x00000000cc600000, 0x00000000cc500000| Untracked 
|  50|0x00000000cc600000, 0x00000000cc700000, 0x00000000cc700000|100%| O|  |TAMS 0x00000000cc700000, 0x00000000cc600000| Untracked 
|  51|0x00000000cc700000, 0x00000000cc800000, 0x00000000cc800000|100%| O|  |TAMS 0x00000000cc800000, 0x00000000cc700000| Untracked 
|  52|0x00000000cc800000, 0x00000000cc900000, 0x00000000cc900000|100%| O|  |TAMS 0x00000000cc900000, 0x00000000cc800000| Untracked 
|  53|0x00000000cc900000, 0x00000000cca00000, 0x00000000cca00000|100%| O|  |TAMS 0x00000000cca00000, 0x00000000cc900000| Untracked 
|  54|0x00000000cca00000, 0x00000000ccb00000, 0x00000000ccb00000|100%| O|  |TAMS 0x00000000ccb00000, 0x00000000cca00000| Untracked 
|  55|0x00000000ccb00000, 0x00000000ccc00000, 0x00000000ccc00000|100%| O|  |TAMS 0x00000000ccc00000, 0x00000000ccb00000| Untracked 
|  56|0x00000000ccc00000, 0x00000000ccd00000, 0x00000000ccd00000|100%| O|  |TAMS 0x00000000ccd00000, 0x00000000ccc00000| Untracked 
|  57|0x00000000ccd00000, 0x00000000cce00000, 0x00000000cce00000|100%| O|  |TAMS 0x00000000cce00000, 0x00000000ccd00000| Untracked 
|  58|0x00000000cce00000, 0x00000000ccf00000, 0x00000000ccf00000|100%| O|  |TAMS 0x00000000ccf00000, 0x00000000cce00000| Untracked 
|  59|0x00000000ccf00000, 0x00000000cd000000, 0x00000000cd000000|100%| O|  |TAMS 0x00000000cd000000, 0x00000000ccf00000| Complete 
|  60|0x00000000cd000000, 0x00000000cd100000, 0x00000000cd100000|100%| O|  |TAMS 0x00000000cd100000, 0x00000000cd000000| Untracked 
|  61|0x00000000cd100000, 0x00000000cd200000, 0x00000000cd200000|100%| O|  |TAMS 0x00000000cd200000, 0x00000000cd100000| Untracked 
|  62|0x00000000cd200000, 0x00000000cd300000, 0x00000000cd300000|100%| O|  |TAMS 0x00000000cd300000, 0x00000000cd200000| Untracked 
|  63|0x00000000cd300000, 0x00000000cd400000, 0x00000000cd400000|100%| O|  |TAMS 0x00000000cd400000, 0x00000000cd300000| Complete 
|  64|0x00000000cd400000, 0x00000000cd500000, 0x00000000cd500000|100%| O|  |TAMS 0x00000000cd500000, 0x00000000cd400000| Untracked 
|  65|0x00000000cd500000, 0x00000000cd600000, 0x00000000cd600000|100%| O|  |TAMS 0x00000000cd600000, 0x00000000cd500000| Complete 
|  66|0x00000000cd600000, 0x00000000cd700000, 0x00000000cd700000|100%| O|  |TAMS 0x00000000cd700000, 0x00000000cd600000| Untracked 
|  67|0x00000000cd700000, 0x00000000cd800000, 0x00000000cd800000|100%| O|  |TAMS 0x00000000cd800000, 0x00000000cd700000| Untracked 
|  68|0x00000000cd800000, 0x00000000cd900000, 0x00000000cd900000|100%| O|  |TAMS 0x00000000cd900000, 0x00000000cd800000| Untracked 
|  69|0x00000000cd900000, 0x00000000cda00000, 0x00000000cda00000|100%| O|  |TAMS 0x00000000cda00000, 0x00000000cd900000| Untracked 
|  70|0x00000000cda00000, 0x00000000cdb00000, 0x00000000cdb00000|100%| O|  |TAMS 0x00000000cdb00000, 0x00000000cda00000| Untracked 
|  71|0x00000000cdb00000, 0x00000000cdc00000, 0x00000000cdc00000|100%| O|  |TAMS 0x00000000cdc00000, 0x00000000cdb00000| Untracked 
|  72|0x00000000cdc00000, 0x00000000cdd00000, 0x00000000cdd00000|100%| O|  |TAMS 0x00000000cdd00000, 0x00000000cdc00000| Complete 
|  73|0x00000000cdd00000, 0x00000000cde00000, 0x00000000cde00000|100%|HS|  |TAMS 0x00000000cde00000, 0x00000000cdd00000| Complete 
|  74|0x00000000cde00000, 0x00000000cdf00000, 0x00000000cdf00000|100%|HC|  |TAMS 0x00000000cdf00000, 0x00000000cde00000| Complete 
|  75|0x00000000cdf00000, 0x00000000ce000000, 0x00000000ce000000|100%| O|  |TAMS 0x00000000ce000000, 0x00000000cdf00000| Untracked 
|  76|0x00000000ce000000, 0x00000000ce100000, 0x00000000ce100000|100%| O|  |TAMS 0x00000000ce100000, 0x00000000ce000000| Untracked 
|  77|0x00000000ce100000, 0x00000000ce200000, 0x00000000ce200000|100%| O|  |TAMS 0x00000000ce200000, 0x00000000ce100000| Complete 
|  78|0x00000000ce200000, 0x00000000ce300000, 0x00000000ce300000|100%| O|  |TAMS 0x00000000ce300000, 0x00000000ce200000| Untracked 
|  79|0x00000000ce300000, 0x00000000ce400000, 0x00000000ce400000|100%| O|  |TAMS 0x00000000ce400000, 0x00000000ce300000| Untracked 
|  80|0x00000000ce400000, 0x00000000ce500000, 0x00000000ce500000|100%| O|  |TAMS 0x00000000ce500000, 0x00000000ce400000| Complete 
|  81|0x00000000ce500000, 0x00000000ce600000, 0x00000000ce600000|100%| O|  |TAMS 0x00000000ce600000, 0x00000000ce500000| Untracked 
|  82|0x00000000ce600000, 0x00000000ce700000, 0x00000000ce700000|100%| O|  |TAMS 0x00000000ce700000, 0x00000000ce600000| Complete 
|  83|0x00000000ce700000, 0x00000000ce800000, 0x00000000ce800000|100%| O|  |TAMS 0x00000000ce800000, 0x00000000ce700000| Untracked 
|  84|0x00000000ce800000, 0x00000000ce900000, 0x00000000ce900000|100%| O|  |TAMS 0x00000000ce900000, 0x00000000ce800000| Untracked 
|  85|0x00000000ce900000, 0x00000000cea00000, 0x00000000cea00000|100%| O|  |TAMS 0x00000000cea00000, 0x00000000ce900000| Untracked 
|  86|0x00000000cea00000, 0x00000000ceb00000, 0x00000000ceb00000|100%| O|  |TAMS 0x00000000ceb00000, 0x00000000cea00000| Untracked 
|  87|0x00000000ceb00000, 0x00000000ceb00000, 0x00000000cec00000|  0%| F|  |TAMS 0x00000000ceb00000, 0x00000000ceb00000| Untracked 
|  88|0x00000000cec00000, 0x00000000cec00000, 0x00000000ced00000|  0%| F|  |TAMS 0x00000000cec00000, 0x00000000cec00000| Untracked 
|  89|0x00000000ced00000, 0x00000000cee00000, 0x00000000cee00000|100%| O|  |TAMS 0x00000000cee00000, 0x00000000ced00000| Complete 
|  90|0x00000000cee00000, 0x00000000cef00000, 0x00000000cef00000|100%| O|  |TAMS 0x00000000cef00000, 0x00000000cee00000| Untracked 
|  91|0x00000000cef00000, 0x00000000cf000000, 0x00000000cf000000|100%| O|  |TAMS 0x00000000cf000000, 0x00000000cef00000| Untracked 
|  92|0x00000000cf000000, 0x00000000cf100000, 0x00000000cf100000|100%| O|  |TAMS 0x00000000cf100000, 0x00000000cf000000| Complete 
|  93|0x00000000cf100000, 0x00000000cf200000, 0x00000000cf200000|100%| O|  |TAMS 0x00000000cf200000, 0x00000000cf100000| Untracked 
|  94|0x00000000cf200000, 0x00000000cf300000, 0x00000000cf300000|100%| O|  |TAMS 0x00000000cf300000, 0x00000000cf200000| Untracked 
|  95|0x00000000cf300000, 0x00000000cf400000, 0x00000000cf400000|100%|HS|  |TAMS 0x00000000cf400000, 0x00000000cf300000| Complete 
|  96|0x00000000cf400000, 0x00000000cf500000, 0x00000000cf500000|100%| O|  |TAMS 0x00000000cf500000, 0x00000000cf400000| Complete 
|  97|0x00000000cf500000, 0x00000000cf500000, 0x00000000cf600000|  0%| F|  |TAMS 0x00000000cf500000, 0x00000000cf500000| Untracked 
|  98|0x00000000cf600000, 0x00000000cf600000, 0x00000000cf700000|  0%| F|  |TAMS 0x00000000cf600000, 0x00000000cf600000| Untracked 
|  99|0x00000000cf700000, 0x00000000cf700000, 0x00000000cf800000|  0%| F|  |TAMS 0x00000000cf700000, 0x00000000cf700000| Untracked 
| 100|0x00000000cf800000, 0x00000000cf800000, 0x00000000cf900000|  0%| F|  |TAMS 0x00000000cf800000, 0x00000000cf800000| Untracked 
| 101|0x00000000cf900000, 0x00000000cfa00000, 0x00000000cfa00000|100%| O|  |TAMS 0x00000000cfa00000, 0x00000000cf900000| Complete 
| 102|0x00000000cfa00000, 0x00000000cfb00000, 0x00000000cfb00000|100%| O|  |TAMS 0x00000000cfb00000, 0x00000000cfa00000| Complete 
| 103|0x00000000cfb00000, 0x00000000cfc00000, 0x00000000cfc00000|100%|HS|  |TAMS 0x00000000cfc00000, 0x00000000cfb00000| Complete 
| 104|0x00000000cfc00000, 0x00000000cfd00000, 0x00000000cfd00000|100%| O|  |TAMS 0x00000000cfd00000, 0x00000000cfc00000| Complete 
| 105|0x00000000cfd00000, 0x00000000cfe00000, 0x00000000cfe00000|100%| O|  |TAMS 0x00000000cfe00000, 0x00000000cfd00000| Complete 
| 106|0x00000000cfe00000, 0x00000000cff00000, 0x00000000cff00000|100%| O|  |TAMS 0x00000000cff00000, 0x00000000cfe00000| Complete 
| 107|0x00000000cff00000, 0x00000000d0000000, 0x00000000d0000000|100%| O|  |TAMS 0x00000000d0000000, 0x00000000cff00000| Untracked 
| 108|0x00000000d0000000, 0x00000000d0100000, 0x00000000d0100000|100%| O|  |TAMS 0x00000000d0100000, 0x00000000d0000000| Untracked 
| 109|0x00000000d0100000, 0x00000000d0200000, 0x00000000d0200000|100%| O|  |TAMS 0x00000000d0200000, 0x00000000d0100000| Untracked 
| 110|0x00000000d0200000, 0x00000000d0300000, 0x00000000d0300000|100%| O|  |TAMS 0x00000000d0300000, 0x00000000d0200000| Untracked 
| 111|0x00000000d0300000, 0x00000000d0300000, 0x00000000d0400000|  0%| F|  |TAMS 0x00000000d0300000, 0x00000000d0300000| Untracked 
| 112|0x00000000d0400000, 0x00000000d0400000, 0x00000000d0500000|  0%| F|  |TAMS 0x00000000d0400000, 0x00000000d0400000| Untracked 
| 113|0x00000000d0500000, 0x00000000d0500000, 0x00000000d0600000|  0%| F|  |TAMS 0x00000000d0500000, 0x00000000d0500000| Untracked 
| 114|0x00000000d0600000, 0x00000000d0600000, 0x00000000d0700000|  0%| F|  |TAMS 0x00000000d0600000, 0x00000000d0600000| Untracked 
| 115|0x00000000d0700000, 0x00000000d0700000, 0x00000000d0800000|  0%| F|  |TAMS 0x00000000d0700000, 0x00000000d0700000| Untracked 
| 116|0x00000000d0800000, 0x00000000d0800000, 0x00000000d0900000|  0%| F|  |TAMS 0x00000000d0800000, 0x00000000d0800000| Untracked 
| 117|0x00000000d0900000, 0x00000000d0900000, 0x00000000d0a00000|  0%| F|  |TAMS 0x00000000d0900000, 0x00000000d0900000| Untracked 
| 118|0x00000000d0a00000, 0x00000000d0a00000, 0x00000000d0b00000|  0%| F|  |TAMS 0x00000000d0a00000, 0x00000000d0a00000| Untracked 
| 119|0x00000000d0b00000, 0x00000000d0b00000, 0x00000000d0c00000|  0%| F|  |TAMS 0x00000000d0b00000, 0x00000000d0b00000| Untracked 
| 120|0x00000000d0c00000, 0x00000000d0c00000, 0x00000000d0d00000|  0%| F|  |TAMS 0x00000000d0c00000, 0x00000000d0c00000| Untracked 
| 121|0x00000000d0d00000, 0x00000000d0d00000, 0x00000000d0e00000|  0%| F|  |TAMS 0x00000000d0d00000, 0x00000000d0d00000| Untracked 
| 122|0x00000000d0e00000, 0x00000000d0e00000, 0x00000000d0f00000|  0%| F|  |TAMS 0x00000000d0e00000, 0x00000000d0e00000| Untracked 
| 123|0x00000000d0f00000, 0x00000000d0f00000, 0x00000000d1000000|  0%| F|  |TAMS 0x00000000d0f00000, 0x00000000d0f00000| Untracked 
| 124|0x00000000d1000000, 0x00000000d1000000, 0x00000000d1100000|  0%| F|  |TAMS 0x00000000d1000000, 0x00000000d1000000| Untracked 
| 125|0x00000000d1100000, 0x00000000d11e6c00, 0x00000000d1200000| 90%| O|  |TAMS 0x00000000d11e6c00, 0x00000000d1100000| Untracked 
| 126|0x00000000d1200000, 0x00000000d1300000, 0x00000000d1300000|100%|HS|  |TAMS 0x00000000d1200000, 0x00000000d1200000| Complete 
| 127|0x00000000d1300000, 0x00000000d1400000, 0x00000000d1400000|100%|HC|  |TAMS 0x00000000d1300000, 0x00000000d1300000| Complete 
| 128|0x00000000d1400000, 0x00000000d1400000, 0x00000000d1500000|  0%| F|  |TAMS 0x00000000d1400000, 0x00000000d1400000| Untracked 
| 129|0x00000000d1500000, 0x00000000d1500000, 0x00000000d1600000|  0%| F|  |TAMS 0x00000000d1500000, 0x00000000d1500000| Untracked 
| 130|0x00000000d1600000, 0x00000000d1700000, 0x00000000d1700000|100%|HS|  |TAMS 0x00000000d1600000, 0x00000000d1600000| Complete 
| 131|0x00000000d1700000, 0x00000000d1800000, 0x00000000d1800000|100%|HC|  |TAMS 0x00000000d1700000, 0x00000000d1700000| Complete 
| 132|0x00000000d1800000, 0x00000000d1800000, 0x00000000d1900000|  0%| F|  |TAMS 0x00000000d1800000, 0x00000000d1800000| Untracked 
| 133|0x00000000d1900000, 0x00000000d1900000, 0x00000000d1a00000|  0%| F|  |TAMS 0x00000000d1900000, 0x00000000d1900000| Untracked 
| 134|0x00000000d1a00000, 0x00000000d1b00000, 0x00000000d1b00000|100%|HS|  |TAMS 0x00000000d1a00000, 0x00000000d1a00000| Complete 
| 135|0x00000000d1b00000, 0x00000000d1c00000, 0x00000000d1c00000|100%|HC|  |TAMS 0x00000000d1b00000, 0x00000000d1b00000| Complete 
| 136|0x00000000d1c00000, 0x00000000d1d00000, 0x00000000d1d00000|100%|HS|  |TAMS 0x00000000d1c00000, 0x00000000d1c00000| Complete 
| 137|0x00000000d1d00000, 0x00000000d1e00000, 0x00000000d1e00000|100%|HC|  |TAMS 0x00000000d1d00000, 0x00000000d1d00000| Complete 
| 138|0x00000000d1e00000, 0x00000000d1f00000, 0x00000000d1f00000|100%|HS|  |TAMS 0x00000000d1e00000, 0x00000000d1e00000| Complete 
| 139|0x00000000d1f00000, 0x00000000d2000000, 0x00000000d2000000|100%|HC|  |TAMS 0x00000000d1f00000, 0x00000000d1f00000| Complete 
| 140|0x00000000d2000000, 0x00000000d2000000, 0x00000000d2100000|  0%| F|  |TAMS 0x00000000d2000000, 0x00000000d2000000| Untracked 
| 141|0x00000000d2100000, 0x00000000d2100000, 0x00000000d2200000|  0%| F|  |TAMS 0x00000000d2100000, 0x00000000d2100000| Untracked 
| 142|0x00000000d2200000, 0x00000000d2200000, 0x00000000d2300000|  0%| F|  |TAMS 0x00000000d2200000, 0x00000000d2200000| Untracked 
| 143|0x00000000d2300000, 0x00000000d2300000, 0x00000000d2400000|  0%| F|  |TAMS 0x00000000d2300000, 0x00000000d2300000| Untracked 
| 144|0x00000000d2400000, 0x00000000d2400000, 0x00000000d2500000|  0%| F|  |TAMS 0x00000000d2400000, 0x00000000d2400000| Untracked 
| 145|0x00000000d2500000, 0x00000000d2500000, 0x00000000d2600000|  0%| F|  |TAMS 0x00000000d2500000, 0x00000000d2500000| Untracked 
| 146|0x00000000d2600000, 0x00000000d2600000, 0x00000000d2700000|  0%| F|  |TAMS 0x00000000d2600000, 0x00000000d2600000| Untracked 
| 147|0x00000000d2700000, 0x00000000d2700000, 0x00000000d2800000|  0%| F|  |TAMS 0x00000000d2700000, 0x00000000d2700000| Untracked 
| 148|0x00000000d2800000, 0x00000000d2800000, 0x00000000d2900000|  0%| F|  |TAMS 0x00000000d2800000, 0x00000000d2800000| Untracked 
| 149|0x00000000d2900000, 0x00000000d2900000, 0x00000000d2a00000|  0%| F|  |TAMS 0x00000000d2900000, 0x00000000d2900000| Untracked 
| 150|0x00000000d2a00000, 0x00000000d2a00000, 0x00000000d2b00000|  0%| F|  |TAMS 0x00000000d2a00000, 0x00000000d2a00000| Untracked 
| 151|0x00000000d2b00000, 0x00000000d2b00000, 0x00000000d2c00000|  0%| F|  |TAMS 0x00000000d2b00000, 0x00000000d2b00000| Untracked 
| 152|0x00000000d2c00000, 0x00000000d2c00000, 0x00000000d2d00000|  0%| F|  |TAMS 0x00000000d2c00000, 0x00000000d2c00000| Untracked 
| 153|0x00000000d2d00000, 0x00000000d2d00000, 0x00000000d2e00000|  0%| F|  |TAMS 0x00000000d2d00000, 0x00000000d2d00000| Untracked 
| 154|0x00000000d2e00000, 0x00000000d2e00000, 0x00000000d2f00000|  0%| F|  |TAMS 0x00000000d2e00000, 0x00000000d2e00000| Untracked 
| 155|0x00000000d2f00000, 0x00000000d2f00000, 0x00000000d3000000|  0%| F|  |TAMS 0x00000000d2f00000, 0x00000000d2f00000| Untracked 
| 156|0x00000000d3000000, 0x00000000d3000000, 0x00000000d3100000|  0%| F|  |TAMS 0x00000000d3000000, 0x00000000d3000000| Untracked 
| 157|0x00000000d3100000, 0x00000000d3200000, 0x00000000d3200000|100%| S|CS|TAMS 0x00000000d3100000, 0x00000000d3100000| Complete 
| 158|0x00000000d3200000, 0x00000000d324fe60, 0x00000000d3300000| 31%| S|CS|TAMS 0x00000000d3200000, 0x00000000d3200000| Complete 

Card table byte_map: [0x000001686bbd0000,0x000001686bd90000] _byte_map_base: 0x000001686b586000

Marking Bits (Prev, Next): (CMBitMap*) 0x00000168544a69d8, (CMBitMap*) 0x00000168544a6a10
 Prev Bits: [0x000001686bf50000, 0x000001686cd00000)
 Next Bits: [0x000001686cd00000, 0x000001686dab0000)

Polling page: 0x0000016852420000

Metaspace:

Usage:
  Non-class:    111.11 MB capacity,   105.93 MB ( 95%) used,     3.95 MB (  4%) free+waste,     1.23 MB (  1%) overhead. 
      Class:     25.73 MB capacity,    19.91 MB ( 77%) used,     5.10 MB ( 20%) free+waste,   737.81 KB (  3%) overhead. 
       Both:    136.84 MB capacity,   125.84 MB ( 92%) used,     9.05 MB (  7%) free+waste,     1.95 MB (  1%) overhead. 

Virtual space:
  Non-class space:      112.00 MB reserved,     111.75 MB (>99%) committed 
      Class space:        1.00 GB reserved,      26.38 MB (  3%) committed 
             Both:        1.11 GB reserved,     138.13 MB ( 12%) committed 

Chunk freelists:
   Non-Class:  657.00 KB
       Class:  634.00 KB
        Both:  1.26 MB

MaxMetaspaceSize: 17179869184.00 GB
CompressedClassSpaceSize: 1.00 GB
Initial GC threshold: 20.80 MB
Current GC threshold: 230.21 MB
CDS: off

CodeHeap 'non-profiled nmethods': size=120064Kb used=9641Kb max_used=9641Kb free=110422Kb
 bounds [0x0000016864690000, 0x0000016865000000, 0x000001686bbd0000]
CodeHeap 'profiled nmethods': size=120000Kb used=33557Kb max_used=33557Kb free=86442Kb
 bounds [0x000001685d160000, 0x000001685f230000, 0x0000016864690000]
CodeHeap 'non-nmethods': size=5696Kb used=1597Kb max_used=1623Kb free=4098Kb
 bounds [0x000001685cbd0000, 0x000001685ce40000, 0x000001685d160000]
 total_blobs=17601 nmethods=16691 adapters=819
 compilation: enabled
              stopped_count=0, restarted_count=0
 full_count=0

Compilation events (20 events):
Event: 87.103 Thread 0x00000168708b7000 17188       4       sun.nio.fs.WindowsNativeDispatcher::asNativeBuffer (103 bytes)
Event: 87.145 Thread 0x00000168708b7000 nmethod 17188 0x0000016864ff6090 code [0x0000016864ff6280, 0x0000016864ff6ba8]
Event: 87.273 Thread 0x00000168708bb000 17189       1       lmcoursier.internal.shaded.coursier.cache.ConnectionBuilder::maxRedirectionsOpt (5 bytes)
Event: 87.273 Thread 0x00000168708bb000 nmethod 17189 0x0000016864ff7290 code [0x0000016864ff7440, 0x0000016864ff74f8]
Event: 87.273 Thread 0x00000168708bb000 17190       1       lmcoursier.internal.shaded.coursier.cache.ConnectionBuilder::authentication (5 bytes)
Event: 87.273 Thread 0x00000168708bb000 nmethod 17190 0x0000016864ff7590 code [0x0000016864ff7740, 0x0000016864ff77f8]
Event: 87.334 Thread 0x00000168708bb000 17195       1       lmcoursier.internal.shaded.coursier.cache.ConnectionBuilder::sslSocketFactoryOpt (5 bytes)
Event: 87.335 Thread 0x00000168708bb000 nmethod 17195 0x0000016864ff7890 code [0x0000016864ff7a40, 0x0000016864ff7af8]
Event: 87.335 Thread 0x00000168708bb000 17196       1       lmcoursier.internal.shaded.coursier.cache.ConnectionBuilder::hostnameVerifierOpt (5 bytes)
Event: 87.335 Thread 0x00000168708bb000 nmethod 17196 0x0000016864ff7b90 code [0x0000016864ff7d40, 0x0000016864ff7df8]
Event: 87.335 Thread 0x00000168708bb000 17197       1       lmcoursier.internal.shaded.coursier.cache.ConnectionBuilder::method (5 bytes)
Event: 87.335 Thread 0x00000168708bb000 nmethod 17197 0x0000016864ff7e90 code [0x0000016864ff8040, 0x0000016864ff80f8]
Event: 87.336 Thread 0x00000168708bb000 17198       1       lmcoursier.internal.shaded.coursier.cache.ConnectionBuilder::classLoaders (5 bytes)
Event: 87.336 Thread 0x00000168708bb000 nmethod 17198 0x0000016864ff8190 code [0x0000016864ff8340, 0x0000016864ff83f8]
Event: 87.339 Thread 0x00000168708b7000 17199   !   4       sun.nio.fs.WindowsPath::getPathForWin32Calls (138 bytes)
Event: 87.380 Thread 0x00000168708b7000 nmethod 17199 0x0000016864ff8490 code [0x0000016864ff86a0, 0x0000016864ff8e10]
Event: 87.380 Thread 0x00000168708b7000 17200   !   4       java.io.File::toPath (54 bytes)
Event: 87.394 Thread 0x00000168708b7000 nmethod 17200 0x0000016864ff9190 code [0x0000016864ff9340, 0x0000016864ff9aa8]
Event: 87.409 Thread 0x00000168708b7000 17201       4       jdk.internal.misc.Unsafe::copyMemory (33 bytes)
Event: 87.415 Thread 0x00000168708b7000 nmethod 17201 0x0000016864ff9d10 code [0x0000016864ff9ec0, 0x0000016864ffa1f8]

GC Heap History (20 events):
Event: 73.332 GC heap after
{Heap after GC invocations=113 (full 0):
 garbage-first heap   total 125952K, used 102606K [0x00000000c9400000, 0x0000000100000000)
  region size 1024K, 1 young (1024K), 1 survivors (1024K)
 Metaspace       used 124633K, capacity 135814K, committed 136064K, reserved 1159168K
  class space    used 20073K, capacity 26118K, committed 26240K, reserved 1048576K
}
Event: 73.669 GC heap before
{Heap before GC invocations=113 (full 0):
 garbage-first heap   total 125952K, used 109774K [0x00000000c9400000, 0x0000000100000000)
  region size 1024K, 8 young (8192K), 1 survivors (1024K)
 Metaspace       used 124749K, capacity 135924K, committed 136064K, reserved 1159168K
  class space    used 20102K, capacity 26161K, committed 26240K, reserved 1048576K
}
Event: 73.673 GC heap after
{Heap after GC invocations=114 (full 0):
 garbage-first heap   total 125952K, used 102771K [0x00000000c9400000, 0x0000000100000000)
  region size 1024K, 1 young (1024K), 1 survivors (1024K)
 Metaspace       used 124749K, capacity 135924K, committed 136064K, reserved 1159168K
  class space    used 20102K, capacity 26161K, committed 26240K, reserved 1048576K
}
Event: 73.854 GC heap before
{Heap before GC invocations=114 (full 0):
 garbage-first heap   total 125952K, used 109939K [0x00000000c9400000, 0x0000000100000000)
  region size 1024K, 8 young (8192K), 1 survivors (1024K)
 Metaspace       used 124801K, capacity 136069K, committed 136320K, reserved 1159168K
  class space    used 20102K, capacity 26161K, committed 26240K, reserved 1048576K
}
Event: 73.864 GC heap after
{Heap after GC invocations=115 (full 0):
 garbage-first heap   total 125952K, used 103640K [0x00000000c9400000, 0x0000000100000000)
  region size 1024K, 1 young (1024K), 1 survivors (1024K)
 Metaspace       used 124801K, capacity 136069K, committed 136320K, reserved 1159168K
  class space    used 20102K, capacity 26161K, committed 26240K, reserved 1048576K
}
Event: 73.943 GC heap before
{Heap before GC invocations=115 (full 0):
 garbage-first heap   total 125952K, used 109784K [0x00000000c9400000, 0x0000000100000000)
  region size 1024K, 7 young (7168K), 1 survivors (1024K)
 Metaspace       used 124817K, capacity 136078K, committed 136320K, reserved 1159168K
  class space    used 20102K, capacity 26161K, committed 26240K, reserved 1048576K
}
Event: 73.954 GC heap after
{Heap after GC invocations=116 (full 0):
 garbage-first heap   total 125952K, used 104232K [0x00000000c9400000, 0x0000000100000000)
  region size 1024K, 1 young (1024K), 1 survivors (1024K)
 Metaspace       used 124817K, capacity 136078K, committed 136320K, reserved 1159168K
  class space    used 20102K, capacity 26161K, committed 26240K, reserved 1048576K
}
Event: 74.014 GC heap before
{Heap before GC invocations=116 (full 0):
 garbage-first heap   total 125952K, used 109352K [0x00000000c9400000, 0x0000000100000000)
  region size 1024K, 6 young (6144K), 1 survivors (1024K)
 Metaspace       used 124821K, capacity 136082K, committed 136320K, reserved 1159168K
  class space    used 20102K, capacity 26161K, committed 26240K, reserved 1048576K
}
Event: 74.018 GC heap after
{Heap after GC invocations=117 (full 0):
 garbage-first heap   total 125952K, used 104542K [0x00000000c9400000, 0x0000000100000000)
  region size 1024K, 1 young (1024K), 1 survivors (1024K)
 Metaspace       used 124821K, capacity 136082K, committed 136320K, reserved 1159168K
  class space    used 20102K, capacity 26161K, committed 26240K, reserved 1048576K
}
Event: 74.104 GC heap before
{Heap before GC invocations=117 (full 0):
 garbage-first heap   total 125952K, used 109662K [0x00000000c9400000, 0x0000000100000000)
  region size 1024K, 6 young (6144K), 1 survivors (1024K)
 Metaspace       used 124822K, capacity 136082K, committed 136320K, reserved 1159168K
  class space    used 20102K, capacity 26161K, committed 26240K, reserved 1048576K
}
Event: 74.110 GC heap after
{Heap after GC invocations=118 (full 0):
 garbage-first heap   total 125952K, used 104634K [0x00000000c9400000, 0x0000000100000000)
  region size 1024K, 1 young (1024K), 1 survivors (1024K)
 Metaspace       used 124822K, capacity 136082K, committed 136320K, reserved 1159168K
  class space    used 20102K, capacity 26161K, committed 26240K, reserved 1048576K
}
Event: 74.160 GC heap before
{Heap before GC invocations=118 (full 0):
 garbage-first heap   total 125952K, used 109754K [0x00000000c9400000, 0x0000000100000000)
  region size 1024K, 6 young (6144K), 1 survivors (1024K)
 Metaspace       used 124827K, capacity 136087K, committed 136320K, reserved 1159168K
  class space    used 20102K, capacity 26161K, committed 26240K, reserved 1048576K
}
Event: 74.166 GC heap after
{Heap after GC invocations=119 (full 0):
 garbage-first heap   total 160768K, used 104994K [0x00000000c9400000, 0x0000000100000000)
  region size 1024K, 1 young (1024K), 1 survivors (1024K)
 Metaspace       used 124827K, capacity 136087K, committed 136320K, reserved 1159168K
  class space    used 20102K, capacity 26161K, committed 26240K, reserved 1048576K
}
Event: 74.773 GC heap before
{Heap before GC invocations=119 (full 0):
 garbage-first heap   total 160768K, used 123426K [0x00000000c9400000, 0x0000000100000000)
  region size 1024K, 19 young (19456K), 1 survivors (1024K)
 Metaspace       used 124945K, capacity 136217K, committed 136320K, reserved 1159168K
  class space    used 20126K, capacity 26192K, committed 26240K, reserved 1048576K
}
Event: 74.788 GC heap after
{Heap after GC invocations=120 (full 0):
 garbage-first heap   total 160768K, used 106734K [0x00000000c9400000, 0x0000000100000000)
  region size 1024K, 3 young (3072K), 3 survivors (3072K)
 Metaspace       used 124945K, capacity 136217K, committed 136320K, reserved 1159168K
  class space    used 20126K, capacity 26192K, committed 26240K, reserved 1048576K
}
Event: 79.379 GC heap before
{Heap before GC invocations=120 (full 0):
 garbage-first heap   total 160768K, used 125166K [0x00000000c9400000, 0x0000000100000000)
  region size 1024K, 21 young (21504K), 3 survivors (3072K)
 Metaspace       used 128087K, capacity 139538K, committed 139648K, reserved 1163264K
  class space    used 20555K, capacity 26649K, committed 26752K, reserved 1048576K
}
Event: 79.408 GC heap after
{Heap after GC invocations=121 (full 0):
 garbage-first heap   total 160768K, used 108712K [0x00000000c9400000, 0x0000000100000000)
  region size 1024K, 3 young (3072K), 3 survivors (3072K)
 Metaspace       used 128087K, capacity 139538K, committed 139648K, reserved 1163264K
  class space    used 20555K, capacity 26649K, committed 26752K, reserved 1048576K
}
Event: 81.227 GC heap before
{Heap before GC invocations=121 (full 0):
 garbage-first heap   total 160768K, used 136360K [0x00000000c9400000, 0x0000000100000000)
  region size 1024K, 12 young (12288K), 3 survivors (3072K)
 Metaspace       used 129632K, capacity 141235K, committed 141440K, reserved 1163264K
  class space    used 20787K, capacity 26967K, committed 27008K, reserved 1048576K
}
Event: 81.255 GC heap after
{Heap after GC invocations=122 (full 0):
 garbage-first heap   total 160768K, used 113506K [0x00000000c9400000, 0x0000000100000000)
  region size 1024K, 1 young (1024K), 1 survivors (1024K)
 Metaspace       used 129632K, capacity 141235K, committed 141440K, reserved 1163264K
  class space    used 20787K, capacity 26967K, committed 27008K, reserved 1048576K
}
Event: 87.596 GC heap before
{Heap before GC invocations=123 (full 0):
 garbage-first heap   total 160768K, used 159586K [0x00000000c9400000, 0x0000000100000000)
  region size 1024K, 17 young (17408K), 1 survivors (1024K)
 Metaspace       used 128860K, capacity 140127K, committed 141440K, reserved 1163264K
  class space    used 20392K, capacity 26352K, committed 27008K, reserved 1048576K
}

Deoptimization events (20 events):
Event: 80.444 Thread 0x0000016878d43800 DEOPT PACKING pc=0x000001685f1a5245 sp=0x0000004ef8efd0e0
Event: 80.444 Thread 0x0000016878d43800 DEOPT UNPACKING pc=0x000001685cc1a95e sp=0x0000004ef8efc520 mode 0
Event: 80.717 Thread 0x0000016878d49800 DEOPT PACKING pc=0x000001685f1ae357 sp=0x0000004ef8dfe580
Event: 80.717 Thread 0x0000016878d49800 DEOPT UNPACKING pc=0x000001685cc1a95e sp=0x0000004ef8dfda78 mode 0
Event: 80.717 Thread 0x0000016878d49800 Uncommon trap: trap_request=0xffffff4d fr.pc=0x0000016864fcb0a8 relative=0x0000000000000368
Event: 80.717 Thread 0x0000016878d49800 Uncommon trap: reason=unstable_if action=reinterpret pc=0x0000016864fcb0a8 method=scala.Array$.fill(ILscala/Function0;Lscala/reflect/ClassTag;)Ljava/lang/Object; @ 19 c2
Event: 80.718 Thread 0x0000016878d49800 DEOPT PACKING pc=0x0000016864fcb0a8 sp=0x0000004ef8dfe5b0
Event: 80.718 Thread 0x0000016878d49800 DEOPT UNPACKING pc=0x000001685cc1a1af sp=0x0000004ef8dfe578 mode 2
Event: 80.786 Thread 0x0000016878d43800 DEOPT PACKING pc=0x000001685f1aed39 sp=0x0000004ef8efe460
Event: 80.786 Thread 0x0000016878d43800 DEOPT UNPACKING pc=0x000001685cc1a95e sp=0x0000004ef8efd918 mode 0
Event: 80.806 Thread 0x0000016878d43800 DEOPT PACKING pc=0x000001685f1a685b sp=0x0000004ef8efd280
Event: 80.806 Thread 0x0000016878d43800 DEOPT UNPACKING pc=0x000001685cc1a95e sp=0x0000004ef8efc6b0 mode 0
Event: 80.825 Thread 0x000001687521c000 DEOPT PACKING pc=0x000001685f1a7a9b sp=0x0000004efcffd050
Event: 80.825 Thread 0x000001687521c000 DEOPT UNPACKING pc=0x000001685cc1a95e sp=0x0000004efcffc4e0 mode 0
Event: 80.929 Thread 0x0000016878d43800 DEOPT PACKING pc=0x000001685f1b5ab8 sp=0x0000004ef8efd190
Event: 80.929 Thread 0x0000016878d43800 DEOPT UNPACKING pc=0x000001685cc1a95e sp=0x0000004ef8efc6a0 mode 0
Event: 81.515 Thread 0x0000016878d4c000 DEOPT PACKING pc=0x000001685f1b712c sp=0x0000004efc4fd550
Event: 81.515 Thread 0x0000016878d4c000 DEOPT UNPACKING pc=0x000001685cc1a95e sp=0x0000004efc4fca20 mode 0
Event: 81.574 Thread 0x0000016878d4c000 DEOPT PACKING pc=0x000001685f1b2a1d sp=0x0000004efc4fd530
Event: 81.574 Thread 0x0000016878d4c000 DEOPT UNPACKING pc=0x000001685cc1a95e sp=0x0000004efc4fca18 mode 0

Classes redefined (0 events):
No events

Internal exceptions (20 events):
Event: 86.093 Thread 0x0000016875216800 Exception <a 'sun/nio/fs/WindowsException'{0x00000000d2bf1678}> (0x00000000d2bf1678) thrown at [./src/hotspot/share/prims/jni.cpp, line 617]
Event: 86.160 Thread 0x0000016875216800 Exception <a 'sun/nio/fs/WindowsException'{0x00000000d2bf2158}> (0x00000000d2bf2158) thrown at [./src/hotspot/share/prims/jni.cpp, line 617]
Event: 86.277 Thread 0x0000016875219800 Exception <a 'sun/nio/fs/WindowsException'{0x00000000d24f77a8}> (0x00000000d24f77a8) thrown at [./src/hotspot/share/prims/jni.cpp, line 617]
Event: 86.382 Thread 0x0000016875216800 Exception <a 'sun/nio/fs/WindowsException'{0x00000000d23c2450}> (0x00000000d23c2450) thrown at [./src/hotspot/share/prims/jni.cpp, line 617]
Event: 86.390 Thread 0x0000016875219800 Exception <a 'sun/nio/fs/WindowsException'{0x00000000d24f81f8}> (0x00000000d24f81f8) thrown at [./src/hotspot/share/prims/jni.cpp, line 617]
Event: 86.683 Thread 0x000001687521c000 Exception <a 'sun/nio/fs/WindowsException'{0x00000000d25b9668}> (0x00000000d25b9668) thrown at [./src/hotspot/share/prims/jni.cpp, line 617]
Event: 86.684 Thread 0x000001687521c000 Exception <a 'sun/nio/fs/WindowsException'{0x00000000d25ba148}> (0x00000000d25ba148) thrown at [./src/hotspot/share/prims/jni.cpp, line 617]
Event: 86.784 Thread 0x0000016878d43800 Exception <a 'sun/nio/fs/WindowsException'{0x00000000d258fdc8}> (0x00000000d258fdc8) thrown at [./src/hotspot/share/prims/jni.cpp, line 617]
Event: 86.825 Thread 0x0000016875216800 Exception <a 'sun/nio/fs/WindowsException'{0x00000000d23c3310}> (0x00000000d23c3310) thrown at [./src/hotspot/share/prims/jni.cpp, line 617]
Event: 86.889 Thread 0x0000016878d4c000 Exception <a 'sun/nio/fs/WindowsException'{0x00000000d22f93d0}> (0x00000000d22f93d0) thrown at [./src/hotspot/share/prims/jni.cpp, line 617]
Event: 86.948 Thread 0x0000016878d43800 Exception <a 'sun/nio/fs/WindowsException'{0x00000000d25908c0}> (0x00000000d25908c0) thrown at [./src/hotspot/share/prims/jni.cpp, line 617]
Event: 86.959 Thread 0x0000016875216800 Exception <a 'sun/nio/fs/WindowsException'{0x00000000d23c4d10}> (0x00000000d23c4d10) thrown at [./src/hotspot/share/prims/jni.cpp, line 617]
Event: 87.102 Thread 0x0000016878d49800 Exception <a 'sun/nio/fs/WindowsException'{0x00000000d269d3b0}> (0x00000000d269d3b0) thrown at [./src/hotspot/share/prims/jni.cpp, line 617]
Event: 87.240 Thread 0x0000016878d49800 Exception <a 'sun/nio/fs/WindowsException'{0x00000000d269de80}> (0x00000000d269de80) thrown at [./src/hotspot/share/prims/jni.cpp, line 617]
Event: 87.269 Thread 0x000001687521c000 Exception <a 'sun/nio/fs/WindowsException'{0x00000000d25bcac8}> (0x00000000d25bcac8) thrown at [./src/hotspot/share/prims/jni.cpp, line 617]
Event: 87.270 Thread 0x000001687521c000 Exception <a 'sun/nio/fs/WindowsException'{0x00000000d25bd378}> (0x00000000d25bd378) thrown at [./src/hotspot/share/prims/jni.cpp, line 617]
Event: 87.335 Thread 0x0000016878d4c000 Exception <a 'sun/nio/fs/WindowsException'{0x00000000d22fa228}> (0x00000000d22fa228) thrown at [./src/hotspot/share/prims/jni.cpp, line 617]
Event: 87.357 Thread 0x0000016878d43800 Exception <a 'sun/nio/fs/WindowsException'{0x00000000d21bf378}> (0x00000000d21bf378) thrown at [./src/hotspot/share/prims/jni.cpp, line 617]
Event: 87.374 Thread 0x0000016878d4c000 Exception <a 'sun/nio/fs/WindowsException'{0x00000000d22fbb00}> (0x00000000d22fbb00) thrown at [./src/hotspot/share/prims/jni.cpp, line 617]
Event: 87.419 Thread 0x0000016875216800 Exception <a 'sun/nio/fs/WindowsException'{0x00000000d23c5bc0}> (0x00000000d23c5bc0) thrown at [./src/hotspot/share/prims/jni.cpp, line 617]

Events (20 events):
Event: 85.759 Executing VM operation: RevokeBias done
Event: 85.759 Executing VM operation: RevokeBias
Event: 85.759 Executing VM operation: RevokeBias done
Event: 85.759 Executing VM operation: RevokeBias
Event: 85.759 Executing VM operation: RevokeBias done
Event: 86.688 Executing VM operation: RevokeBias
Event: 86.778 Executing VM operation: RevokeBias done
Event: 87.273 Executing VM operation: RevokeBias
Event: 87.330 Executing VM operation: RevokeBias done
Event: 87.330 Executing VM operation: RevokeBias
Event: 87.330 Executing VM operation: RevokeBias done
Event: 87.330 Executing VM operation: RevokeBias
Event: 87.330 Executing VM operation: RevokeBias done
Event: 87.330 Executing VM operation: RevokeBias
Event: 87.331 Executing VM operation: RevokeBias done
Event: 87.331 Executing VM operation: RevokeBias
Event: 87.331 Executing VM operation: RevokeBias done
Event: 87.340 Executing VM operation: RevokeBias
Event: 87.354 Executing VM operation: RevokeBias done
Event: 87.512 Executing VM operation: G1CollectForAllocation


Dynamic libraries:
0x00007ff7d14f0000 - 0x00007ff7d14fd000 	C:\Program Files\Eclipse Adoptium\jdk-11.0.16.8-hotspot\bin\java.exe
0x00007ffe3f650000 - 0x00007ffe3f864000 	C:\WINDOWS\SYSTEM32\ntdll.dll
0x00007ffe3ecc0000 - 0x00007ffe3ed82000 	C:\WINDOWS\System32\KERNEL32.DLL
0x00007ffe3ca50000 - 0x00007ffe3cdec000 	C:\WINDOWS\System32\KERNELBASE.dll
0x00007ffe3d170000 - 0x00007ffe3d281000 	C:\WINDOWS\System32\ucrtbase.dll
0x00007ffe369a0000 - 0x00007ffe369b7000 	C:\Program Files\Eclipse Adoptium\jdk-11.0.16.8-hotspot\bin\jli.dll
0x00007ffe3eb10000 - 0x00007ffe3ecba000 	C:\WINDOWS\System32\USER32.dll
0x00007ffe3d330000 - 0x00007ffe3d356000 	C:\WINDOWS\System32\win32u.dll
0x00007ffe3e510000 - 0x00007ffe3e539000 	C:\WINDOWS\System32\GDI32.dll
0x00007ffe3cfe0000 - 0x00007ffe3d0f2000 	C:\WINDOWS\System32\gdi32full.dll
0x00007ffe3d290000 - 0x00007ffe3d32a000 	C:\WINDOWS\System32\msvcp_win.dll
0x00007ffe1dac0000 - 0x00007ffe1dd4e000 	C:\WINDOWS\WinSxS\amd64_microsoft.windows.common-controls_6595b64144ccf1df_6.0.22621.608_none_a9444ca7c10bb01d\COMCTL32.dll
0x00007ffe3e9e0000 - 0x00007ffe3ea87000 	C:\WINDOWS\System32\msvcrt.dll
0x00007ffe34830000 - 0x00007ffe34845000 	C:\Program Files\Eclipse Adoptium\jdk-11.0.16.8-hotspot\bin\VCRUNTIME140.dll
0x00007ffe3e300000 - 0x00007ffe3e331000 	C:\WINDOWS\System32\IMM32.DLL
0x00007ffe2b370000 - 0x00007ffe2b40b000 	C:\Program Files\Eclipse Adoptium\jdk-11.0.16.8-hotspot\bin\msvcp140.dll
0x00007ffdea310000 - 0x00007ffdeae92000 	C:\Program Files\Eclipse Adoptium\jdk-11.0.16.8-hotspot\bin\server\jvm.dll
0x00007ffe3d520000 - 0x00007ffe3d5ce000 	C:\WINDOWS\System32\ADVAPI32.dll
0x00007ffe3e460000 - 0x00007ffe3e504000 	C:\WINDOWS\System32\sechost.dll
0x00007ffe3f220000 - 0x00007ffe3f335000 	C:\WINDOWS\System32\RPCRT4.dll
0x00007ffe3f1b0000 - 0x00007ffe3f1b8000 	C:\WINDOWS\System32\PSAPI.DLL
0x00007ffe346d0000 - 0x00007ffe34704000 	C:\WINDOWS\SYSTEM32\WINMM.dll
0x00007ffe356f0000 - 0x00007ffe356fa000 	C:\WINDOWS\SYSTEM32\VERSION.dll
0x00007ffe1dd50000 - 0x00007ffe1dd59000 	C:\WINDOWS\SYSTEM32\WSOCK32.dll
0x00007ffe3ea90000 - 0x00007ffe3eb01000 	C:\WINDOWS\System32\WS2_32.dll
0x00007ffe3ba90000 - 0x00007ffe3baa8000 	C:\WINDOWS\SYSTEM32\kernel.appcore.dll
0x00007ffe34820000 - 0x00007ffe34830000 	C:\Program Files\Eclipse Adoptium\jdk-11.0.16.8-hotspot\bin\verify.dll
0x00007ffe3a520000 - 0x00007ffe3a74e000 	C:\WINDOWS\SYSTEM32\DBGHELP.DLL
0x00007ffe3d790000 - 0x00007ffe3db19000 	C:\WINDOWS\System32\combase.dll
0x00007ffe3d5d0000 - 0x00007ffe3d6a7000 	C:\WINDOWS\System32\OLEAUT32.dll
0x00007ffe20770000 - 0x00007ffe207a2000 	C:\WINDOWS\SYSTEM32\dbgcore.DLL
0x00007ffe3cdf0000 - 0x00007ffe3ce6b000 	C:\WINDOWS\System32\bcryptPrimitives.dll
0x00007ffe347f0000 - 0x00007ffe34818000 	C:\Program Files\Eclipse Adoptium\jdk-11.0.16.8-hotspot\bin\java.dll
0x00007ffe347e0000 - 0x00007ffe347ea000 	C:\Program Files\Eclipse Adoptium\jdk-11.0.16.8-hotspot\bin\jimage.dll
0x00007ffe2a7b0000 - 0x00007ffe2a7c8000 	C:\Program Files\Eclipse Adoptium\jdk-11.0.16.8-hotspot\bin\zip.dll
0x00007ffe3db20000 - 0x00007ffe3e2fd000 	C:\WINDOWS\System32\SHELL32.dll
0x00007ffe3aa60000 - 0x00007ffe3b317000 	C:\WINDOWS\SYSTEM32\windows.storage.dll
0x00007ffe3a900000 - 0x00007ffe3aa3d000 	C:\WINDOWS\SYSTEM32\wintypes.dll
0x00007ffe3f340000 - 0x00007ffe3f431000 	C:\WINDOWS\System32\SHCORE.dll
0x00007ffe3f110000 - 0x00007ffe3f16e000 	C:\WINDOWS\System32\shlwapi.dll
0x00007ffe3c980000 - 0x00007ffe3c9a1000 	C:\WINDOWS\SYSTEM32\profapi.dll
0x00007ffe347c0000 - 0x00007ffe347d9000 	C:\Program Files\Eclipse Adoptium\jdk-11.0.16.8-hotspot\bin\net.dll
0x00007ffe34300000 - 0x00007ffe3442f000 	C:\WINDOWS\SYSTEM32\WINHTTP.dll
0x00007ffe3bf00000 - 0x00007ffe3bf69000 	C:\WINDOWS\system32\mswsock.dll
0x00007ffe2b350000 - 0x00007ffe2b363000 	C:\Program Files\Eclipse Adoptium\jdk-11.0.16.8-hotspot\bin\nio.dll
0x00007ffe3c180000 - 0x00007ffe3c19b000 	C:\WINDOWS\SYSTEM32\CRYPTSP.dll
0x00007ffe3ba00000 - 0x00007ffe3ba35000 	C:\WINDOWS\system32\rsaenh.dll
0x00007ffe3c000000 - 0x00007ffe3c028000 	C:\WINDOWS\SYSTEM32\USERENV.dll
0x00007ffe3c330000 - 0x00007ffe3c358000 	C:\WINDOWS\SYSTEM32\bcrypt.dll
0x00007ffe3c170000 - 0x00007ffe3c17c000 	C:\WINDOWS\SYSTEM32\CRYPTBASE.dll
0x00007ffe3b5b0000 - 0x00007ffe3b5dd000 	C:\WINDOWS\SYSTEM32\IPHLPAPI.DLL
0x00007ffe3f1c0000 - 0x00007ffe3f1c9000 	C:\WINDOWS\System32\NSI.dll
0x00007ffe34500000 - 0x00007ffe34519000 	C:\WINDOWS\SYSTEM32\dhcpcsvc6.DLL
0x00007ffe34290000 - 0x00007ffe342af000 	C:\WINDOWS\SYSTEM32\dhcpcsvc.DLL
0x00007ffe3b5e0000 - 0x00007ffe3b6d2000 	C:\WINDOWS\SYSTEM32\DNSAPI.dll
0x00007ffe2b2d0000 - 0x00007ffe2b310000 	C:\Users\gerro\AppData\Local\Temp\jna-98244753\jna8805247559604478462.dll
0x00007ffe2b2c0000 - 0x00007ffe2b2c9000 	C:\Program Files\Eclipse Adoptium\jdk-11.0.16.8-hotspot\bin\management.dll
0x00007ffe2b2b0000 - 0x00007ffe2b2bb000 	C:\Program Files\Eclipse Adoptium\jdk-11.0.16.8-hotspot\bin\management_ext.dll
0x000000006fd00000 - 0x000000006fd07000 	C:\Users\gerro\AppData\Local\Temp\.sbt\swoval\swoval-jni\16006704843662622598-swoval-files0.dll
0x00007ffe1cce0000 - 0x00007ffe1ccf7000 	C:\WINDOWS\system32\napinsp.dll
0x00007ffe1ccc0000 - 0x00007ffe1ccdb000 	C:\WINDOWS\system32\pnrpnsp.dll
0x00007ffe1cc00000 - 0x00007ffe1cc11000 	C:\WINDOWS\System32\winrnr.dll
0x00007ffe1cbe0000 - 0x00007ffe1cbf5000 	C:\WINDOWS\system32\wshbth.dll
0x00007ffe1cb60000 - 0x00007ffe1cb81000 	C:\WINDOWS\system32\nlansp_c.dll
0x00007ffe2d0b0000 - 0x00007ffe2d0ba000 	C:\Windows\System32\rasadhlp.dll
0x00007ffe30e60000 - 0x00007ffe30ee3000 	C:\WINDOWS\System32\fwpuclnt.dll
0x00007ffe28be0000 - 0x00007ffe28c06000 	C:\Users\gerro\AppData\Local\Temp\csjniutils-0.3.26682684632648197706.dll
0x00007ffe3f440000 - 0x00007ffe3f5dc000 	C:\WINDOWS\System32\ole32.dll
0x00007ffe1ff50000 - 0x00007ffe1ff75000 	C:\Program Files\Eclipse Adoptium\jdk-11.0.16.8-hotspot\bin\sunec.dll
0x00007ffe21450000 - 0x00007ffe2145e000 	C:\Program Files\Eclipse Adoptium\jdk-11.0.16.8-hotspot\bin\sunmscapi.dll
0x00007ffe3ce70000 - 0x00007ffe3cfd6000 	C:\WINDOWS\System32\CRYPT32.dll
0x00007ffe3c300000 - 0x00007ffe3c32d000 	C:\WINDOWS\SYSTEM32\ncrypt.dll
0x00007ffe3c2c0000 - 0x00007ffe3c2f7000 	C:\WINDOWS\SYSTEM32\NTASN1.dll

dbghelp: loaded successfully - version: 4.0.5 - missing functions: none
symbol engine: initialized successfully - sym options: 0x614 - pdb path: .;C:\Program Files\Eclipse Adoptium\jdk-11.0.16.8-hotspot\bin;C:\WINDOWS\SYSTEM32;C:\WINDOWS\WinSxS\amd64_microsoft.windows.common-controls_6595b64144ccf1df_6.0.22621.608_none_a9444ca7c10bb01d;C:\Program Files\Eclipse Adoptium\jdk-11.0.16.8-hotspot\bin\server;C:\Users\gerro\AppData\Local\Temp\jna-98244753;C:\Users\gerro\AppData\Local\Temp\.sbt\swoval\swoval-jni;C:\Users\gerro\AppData\Local\Temp

VM Arguments:
jvm_args: -Djline.terminal=jline.UnsupportedTerminal -Dsbt.log.noformat=true -Dfile.encoding=UTF-8 -Didea.managed=true -Dfile.encoding=UTF-8 -Didea.installation.dir=C:\Program Files\JetBrains\IntelliJ IDEA Educational Edition 2022.1.3 
java_command: C:/Program Files/JetBrains/IntelliJ IDEA Educational Edition 2022.1.3/plugins/Scala/launcher/sbt-launch.jar
java_class_path (initial): C:/Program Files/JetBrains/IntelliJ IDEA Educational Edition 2022.1.3/plugins/Scala/launcher/sbt-launch.jar
Launcher Type: SUN_STANDARD

[Global flags]
     intx CICompilerCount                          = 3                                         {product} {ergonomic}
     uint ConcGCThreads                            = 1                                         {product} {ergonomic}
     uint G1ConcRefinementThreads                  = 4                                         {product} {ergonomic}
   size_t G1HeapRegionSize                         = 1048576                                   {product} {ergonomic}
    uintx GCDrainStackTargetSize                   = 64                                        {product} {ergonomic}
   size_t InitialHeapSize                          = 58720256                                  {product} {ergonomic}
   size_t MarkStackSize                            = 4194304                                   {product} {ergonomic}
   size_t MaxHeapSize                              = 918552576                                 {product} {ergonomic}
   size_t MaxNewSize                               = 550502400                                 {product} {ergonomic}
   size_t MinHeapDeltaBytes                        = 1048576                                   {product} {ergonomic}
    uintx NonNMethodCodeHeapSize                   = 5830732                                {pd product} {ergonomic}
    uintx NonProfiledCodeHeapSize                  = 122913754                              {pd product} {ergonomic}
    uintx ProfiledCodeHeapSize                     = 122913754                              {pd product} {ergonomic}
    uintx ReservedCodeCacheSize                    = 251658240                              {pd product} {ergonomic}
     bool SegmentedCodeCache                       = true                                      {product} {ergonomic}
     bool UseCompressedClassPointers               = true                                 {lp64_product} {ergonomic}
     bool UseCompressedOops                        = true                                 {lp64_product} {ergonomic}
     bool UseG1GC                                  = true                                      {product} {ergonomic}
     bool UseLargePagesIndividualAllocation        = false                                  {pd product} {ergonomic}

Logging:
Log output configuration:
 #0: stdout all=warning uptime,level,tags
 #1: stderr all=off uptime,level,tags

Environment Variables:
JAVA_HOME=C:\Users\gerro\AppData\Local\Coursier\cache\arc\https\github.com\AdoptOpenJDK\openjdk11-binaries\releases\download\jdk-11%252B28\OpenJDK11-jdk_x64_windows_hotspot_11_28.zip\jdk-11+28
PATH=C:\Program Files\Eclipse Adoptium\jdk-11.0.16.8-hotspot\bin;C:\Program Files (x86)\Common Files\Oracle\Java\javapath;C:\windows\system32;C:\windows;C:\windows\System32\Wbem;C:\windows\System32\WindowsPowerShell\v1.0\;C:\windows\System32\OpenSSH\;C:\Program Files\Git\cmd;C:\Program Files\nodejs\;C:\Program Files\Microsoft SQL Server\150\Tools\Binn\;C:\Program Files\dotnet\;C:\WINDOWS\system32;C:\WINDOWS;C:\WINDOWS\System32\Wbem;C:\WINDOWS\System32\WindowsPowerShell\v1.0\;C:\WINDOWS\System32\OpenSSH\;C:\Program Files (x86)\scala\bin;C:\Program Files (x86)\sbt\bin;C:\Program Files (x86)\dotnet\;C:\Program Files\Docker\Docker\resources\bin;C:\ProgramData\DockerDesktop\version-bin;C:\Users\gerro\AppData\Local\Programs\Python\Python39\Scripts\;C:\Users\gerro\AppData\Local\Programs\Python\Python39\;C:\Users\gerro\AppData\Local\Microsoft\WindowsApps;C:\Users\gerro\AppData\Local\Programs\Microsoft VS Code\bin;C:\Users\gerro\AppData\Roaming\npm;C:\Users\gerro\AppData\Local\GitHubDesktop\bin;C:\Users\gerro\.dotnet\tools;C:\Users\gerro\AppData\Local\Coursier\data\bin;C:\Users\gerro\AppData\Local\Coursier\cache\arc\https\github.com\AdoptOpenJDK\openjdk11-binaries\releases\download\jdk-11%252B28\OpenJDK11-jdk_x64_windows_hotspot_11_28.zip\jdk-11+28\bin;C:\Program Files\JetBrains\IntelliJ IDEA Educational Edition 2022.1.3\bin;C:\Program Files\JetBrains\WebStorm 2022.2.1\bin;C:\Users\gerro\AppData\Local\gitkraken\bin;%USERPROFILE%\AppData\Local\Microsoft\WindowsApps;
USERNAME=gerro
OS=Windows_NT
PROCESSOR_IDENTIFIER=AMD64 Family 23 Model 24 Stepping 1, AuthenticAMD
TMP=C:\Users\gerro\AppData\Local\Temp
TEMP=C:\Users\gerro\AppData\Local\Temp



---------------  S Y S T E M  ---------------

OS: Windows 11 , 64 bit Build 22621 (10.0.22621.608)
OS uptime: 0 days 2:51 hours
Hyper-V role detected

CPU:total 4 (initial active 4) (4 cores per cpu, 2 threads per core) family 23 model 24 stepping 1 microcode 0x0, cmov, cx8, fxsr, mmx, sse, sse2, sse3, ssse3, sse4.1, sse4.2, popcnt, avx, avx2, aes, clmul, mmxext, 3dnowpref, lzcnt, sse4a, ht, tsc, tscinvbit, tscinv, bmi1, bmi2, adx, sha, fma

Memory: 4k page, system-wide physical 3503M (220M free)
TotalPageFile size 14255M (AvailPageFile size 10M)
current process WorkingSet (physical memory assigned to process): 268M, peak: 304M
current process commit charge ("private bytes"): 508M, peak: 548M

vm_info: OpenJDK 64-Bit Server VM (11.0.16+8) for windows-amd64 JRE (11.0.16+8), built on Jul 20 2022 07:15:32 by "" with MS VC++ 15.9 (VS2017)

END.
